<?xml version="1.0" encoding="UTF-8"?>
<testsuite name="ru.nsu.spirin.logoworld.commands.TeleportCommandTest" tests="1" skipped="0" failures="0" errors="0" timestamp="2021-03-12T05:00:25" hostname="LAPTOP-V8SAHQ8Q" time="0.003">
  <properties/>
  <testcase name="validateArgs()" classname="ru.nsu.spirin.logoworld.commands.TeleportCommandTest" time="0.003"/>
  <system-out><![CDATA[]]></system-out>
  <system-err><![CDATA[]]></system-err>
</testsuite>
